#-----------------------------------------------------------
# Vivado v2017.4 (64-bit)
# SW Build 2086221 on Fri Dec 15 20:55:39 MST 2017
# IP Build 2085800 on Fri Dec 15 22:25:07 MST 2017
# Start of session at: Mon Mar 11 09:14:34 2019
# Process ID: 12472
# Current directory: C:/VivadoProjects/project_blok7/project
# Command line: vivado.exe -gui_launcher_event rodinguilauncherevent10960 C:\VivadoProjects\project_blok7\project\project.xpr
# Log file: C:/VivadoProjects/project_blok7/project/vivado.log
# Journal file: C:/VivadoProjects/project_blok7/project\vivado.jou
#-----------------------------------------------------------
start_gui
open_project C:/VivadoProjects/project_blok7/project/project.xpr
Scanning sources...
Finished scanning sources
INFO: [IP_Flow 19-234] Refreshing IP repositories
INFO: [IP_Flow 19-1704] No user IP repositories specified
INFO: [IP_Flow 19-2313] Loaded Vivado IP repository 'C:/Xilinx/Vivado/2017.4/data/ip'.
update_compile_order -fileset sources_1
synth_design -rtl -name rtl_1
Command: synth_design -rtl -name rtl_1
Starting synth_design
Using part: xc7a35tcpg236-1
Top: TOP
---------------------------------------------------------------------------------
Starting RTL Elaboration : Time (s): cpu = 00:00:05 ; elapsed = 00:00:05 . Memory (MB): peak = 814.461 ; gain = 74.949
---------------------------------------------------------------------------------
INFO: [Synth 8-638] synthesizing module 'TOP' [C:/VivadoProjects/project_blok7/project/project.srcs/sources_1/new/TOP.vhd:23]
INFO: [Synth 8-3491] module 'Synchronis' declared at 'C:/VivadoProjects/project_blok7/project/project.srcs/sources_1/new/Synchronis.vhd:13' bound to instance 'Sync' of component 'Synchronis' [C:/VivadoProjects/project_blok7/project/project.srcs/sources_1/new/TOP.vhd:47]
INFO: [Synth 8-638] synthesizing module 'Synchronis' [C:/VivadoProjects/project_blok7/project/project.srcs/sources_1/new/Synchronis.vhd:23]
WARNING: [Synth 8-2897] clock signal used as data [C:/VivadoProjects/project_blok7/project/project.srcs/sources_1/new/Synchronis.vhd:29]
WARNING: [Synth 8-614] signal 'clk' is read in the process but is not in the sensitivity list [C:/VivadoProjects/project_blok7/project/project.srcs/sources_1/new/Synchronis.vhd:26]
INFO: [Synth 8-256] done synthesizing module 'Synchronis' (1#1) [C:/VivadoProjects/project_blok7/project/project.srcs/sources_1/new/Synchronis.vhd:23]
INFO: [Synth 8-3491] module 'SPI' declared at 'C:/VivadoProjects/project_blok7/project/project.srcs/sources_1/new/SPI.vhd:13' bound to instance 'SPI_slave' of component 'SPI' [C:/VivadoProjects/project_blok7/project/project.srcs/sources_1/new/TOP.vhd:55]
INFO: [Synth 8-638] synthesizing module 'SPI' [C:/VivadoProjects/project_blok7/project/project.srcs/sources_1/new/SPI.vhd:22]
WARNING: [Synth 8-614] signal 'State' is read in the process but is not in the sensitivity list [C:/VivadoProjects/project_blok7/project/project.srcs/sources_1/new/SPI.vhd:30]
WARNING: [Synth 8-614] signal 'clk' is read in the process but is not in the sensitivity list [C:/VivadoProjects/project_blok7/project/project.srcs/sources_1/new/SPI.vhd:30]
WARNING: [Synth 8-614] signal 'flag' is read in the process but is not in the sensitivity list [C:/VivadoProjects/project_blok7/project/project.srcs/sources_1/new/SPI.vhd:30]
WARNING: [Synth 8-614] signal 'data' is read in the process but is not in the sensitivity list [C:/VivadoProjects/project_blok7/project/project.srcs/sources_1/new/SPI.vhd:30]
WARNING: [Synth 8-614] signal 'MOSI' is read in the process but is not in the sensitivity list [C:/VivadoProjects/project_blok7/project/project.srcs/sources_1/new/SPI.vhd:30]
INFO: [Synth 8-256] done synthesizing module 'SPI' (2#1) [C:/VivadoProjects/project_blok7/project/project.srcs/sources_1/new/SPI.vhd:22]
INFO: [Synth 8-256] done synthesizing module 'TOP' (3#1) [C:/VivadoProjects/project_blok7/project/project.srcs/sources_1/new/TOP.vhd:23]
WARNING: [Synth 8-3331] design SPI has unconnected port sys_clk
WARNING: [Synth 8-3331] design Synchronis has unconnected port clk_sys
---------------------------------------------------------------------------------
Finished RTL Elaboration : Time (s): cpu = 00:00:06 ; elapsed = 00:00:06 . Memory (MB): peak = 854.391 ; gain = 114.879
---------------------------------------------------------------------------------

Report Check Netlist: 
+------+------------------+-------+---------+-------+------------------+
|      |Item              |Errors |Warnings |Status |Description       |
+------+------------------+-------+---------+-------+------------------+
|1     |multi_driven_nets |      0|        0|Passed |Multi driven nets |
+------+------------------+-------+---------+-------+------------------+
---------------------------------------------------------------------------------
Finished RTL Optimization Phase 1 : Time (s): cpu = 00:00:06 ; elapsed = 00:00:06 . Memory (MB): peak = 854.391 ; gain = 114.879
---------------------------------------------------------------------------------
INFO: [Device 21-403] Loading part xc7a35tcpg236-1
INFO: [Project 1-570] Preparing netlist for logic optimization

Processing XDC Constraints
Initializing timing engine
Parsing XDC File [C:/VivadoProjects/project_blok7/project/project.srcs/constrs_1/new/constraint.xdc]
Finished Parsing XDC File [C:/VivadoProjects/project_blok7/project/project.srcs/constrs_1/new/constraint.xdc]
Completed Processing XDC Constraints

INFO: [Opt 31-138] Pushed 0 inverter(s) to 0 load pin(s).
INFO: [Project 1-111] Unisim Transformation Summary:
No Unisim elements were transformed.

RTL Elaboration Complete:  : Time (s): cpu = 00:00:17 ; elapsed = 00:00:14 . Memory (MB): peak = 1210.066 ; gain = 470.555
12 Infos, 9 Warnings, 0 Critical Warnings and 0 Errors encountered.
synth_design completed successfully
synth_design: Time (s): cpu = 00:00:17 ; elapsed = 00:00:14 . Memory (MB): peak = 1210.066 ; gain = 470.555
update_compile_order -fileset sources_1
refresh_design
---------------------------------------------------------------------------------
Starting RTL Elaboration : Time (s): cpu = 00:00:05 ; elapsed = 00:00:05 . Memory (MB): peak = 1331.184 ; gain = 7.672
---------------------------------------------------------------------------------
INFO: [Synth 8-638] synthesizing module 'TOP' [C:/VivadoProjects/project_blok7/project/project.srcs/sources_1/new/TOP.vhd:22]
INFO: [Synth 8-256] done synthesizing module 'TOP' (1#1) [C:/VivadoProjects/project_blok7/project/project.srcs/sources_1/new/TOP.vhd:22]
WARNING: [Synth 8-3330] design TOP has an empty top module
WARNING: [Synth 8-3331] design TOP has unconnected port sys_clk
WARNING: [Synth 8-3331] design TOP has unconnected port clk
---------------------------------------------------------------------------------
Finished RTL Elaboration : Time (s): cpu = 00:00:06 ; elapsed = 00:00:06 . Memory (MB): peak = 1370.293 ; gain = 46.781
---------------------------------------------------------------------------------

Report Check Netlist: 
+------+------------------+-------+---------+-------+------------------+
|      |Item              |Errors |Warnings |Status |Description       |
+------+------------------+-------+---------+-------+------------------+
|1     |multi_driven_nets |      0|        0|Passed |Multi driven nets |
+------+------------------+-------+---------+-------+------------------+
---------------------------------------------------------------------------------
Finished RTL Optimization Phase 1 : Time (s): cpu = 00:00:06 ; elapsed = 00:00:06 . Memory (MB): peak = 1370.293 ; gain = 46.781
---------------------------------------------------------------------------------
INFO: [Project 1-570] Preparing netlist for logic optimization
INFO: [Opt 31-140] Inserted 8 IBUFs to IO ports without IO buffers.
INFO: [Opt 31-141] Inserted 8 OBUFs to IO ports without IO buffers.

Processing XDC Constraints
Initializing timing engine
Parsing XDC File [C:/VivadoProjects/project_blok7/project/project.srcs/constrs_1/new/constraint.xdc]
WARNING: [Vivado 12-584] No ports matched 'data_out[8]'. [C:/VivadoProjects/project_blok7/project/project.srcs/constrs_1/new/constraint.xdc:10]
CRITICAL WARNING: [Common 17-55] 'set_property' expects at least one object. [C:/VivadoProjects/project_blok7/project/project.srcs/constrs_1/new/constraint.xdc:10]
Resolution: If [get_<value>] was used to populate the object, check to make sure this command returns at least one valid object.
WARNING: [Vivado 12-584] No ports matched 'data_out[9]'. [C:/VivadoProjects/project_blok7/project/project.srcs/constrs_1/new/constraint.xdc:11]
CRITICAL WARNING: [Common 17-55] 'set_property' expects at least one object. [C:/VivadoProjects/project_blok7/project/project.srcs/constrs_1/new/constraint.xdc:11]
Resolution: If [get_<value>] was used to populate the object, check to make sure this command returns at least one valid object.
WARNING: [Vivado 12-584] No ports matched 'data_out[10]'. [C:/VivadoProjects/project_blok7/project/project.srcs/constrs_1/new/constraint.xdc:12]
CRITICAL WARNING: [Common 17-55] 'set_property' expects at least one object. [C:/VivadoProjects/project_blok7/project/project.srcs/constrs_1/new/constraint.xdc:12]
Resolution: If [get_<value>] was used to populate the object, check to make sure this command returns at least one valid object.
WARNING: [Vivado 12-584] No ports matched 'data_out[11]'. [C:/VivadoProjects/project_blok7/project/project.srcs/constrs_1/new/constraint.xdc:13]
CRITICAL WARNING: [Common 17-55] 'set_property' expects at least one object. [C:/VivadoProjects/project_blok7/project/project.srcs/constrs_1/new/constraint.xdc:13]
Resolution: If [get_<value>] was used to populate the object, check to make sure this command returns at least one valid object.
WARNING: [Vivado 12-584] No ports matched 'data_out[12]'. [C:/VivadoProjects/project_blok7/project/project.srcs/constrs_1/new/constraint.xdc:14]
CRITICAL WARNING: [Common 17-55] 'set_property' expects at least one object. [C:/VivadoProjects/project_blok7/project/project.srcs/constrs_1/new/constraint.xdc:14]
Resolution: If [get_<value>] was used to populate the object, check to make sure this command returns at least one valid object.
WARNING: [Vivado 12-584] No ports matched 'data_out[13]'. [C:/VivadoProjects/project_blok7/project/project.srcs/constrs_1/new/constraint.xdc:15]
CRITICAL WARNING: [Common 17-55] 'set_property' expects at least one object. [C:/VivadoProjects/project_blok7/project/project.srcs/constrs_1/new/constraint.xdc:15]
Resolution: If [get_<value>] was used to populate the object, check to make sure this command returns at least one valid object.
WARNING: [Vivado 12-584] No ports matched 'data_out[14]'. [C:/VivadoProjects/project_blok7/project/project.srcs/constrs_1/new/constraint.xdc:16]
CRITICAL WARNING: [Common 17-55] 'set_property' expects at least one object. [C:/VivadoProjects/project_blok7/project/project.srcs/constrs_1/new/constraint.xdc:16]
Resolution: If [get_<value>] was used to populate the object, check to make sure this command returns at least one valid object.
WARNING: [Vivado 12-584] No ports matched 'data_out[15]'. [C:/VivadoProjects/project_blok7/project/project.srcs/constrs_1/new/constraint.xdc:17]
CRITICAL WARNING: [Common 17-55] 'set_property' expects at least one object. [C:/VivadoProjects/project_blok7/project/project.srcs/constrs_1/new/constraint.xdc:17]
Resolution: If [get_<value>] was used to populate the object, check to make sure this command returns at least one valid object.
WARNING: [Vivado 12-584] No ports matched 'MOSI'. [C:/VivadoProjects/project_blok7/project/project.srcs/constrs_1/new/constraint.xdc:18]
CRITICAL WARNING: [Common 17-55] 'set_property' expects at least one object. [C:/VivadoProjects/project_blok7/project/project.srcs/constrs_1/new/constraint.xdc:18]
Resolution: If [get_<value>] was used to populate the object, check to make sure this command returns at least one valid object.
WARNING: [Vivado 12-584] No ports matched 'MOSI'. [C:/VivadoProjects/project_blok7/project/project.srcs/constrs_1/new/constraint.xdc:21]
CRITICAL WARNING: [Common 17-55] 'set_property' expects at least one object. [C:/VivadoProjects/project_blok7/project/project.srcs/constrs_1/new/constraint.xdc:21]
Resolution: If [get_<value>] was used to populate the object, check to make sure this command returns at least one valid object.
WARNING: [Vivado 12-584] No ports matched 'data_out[8]'. [C:/VivadoProjects/project_blok7/project/project.srcs/constrs_1/new/constraint.xdc:31]
CRITICAL WARNING: [Common 17-55] 'set_property' expects at least one object. [C:/VivadoProjects/project_blok7/project/project.srcs/constrs_1/new/constraint.xdc:31]
Resolution: If [get_<value>] was used to populate the object, check to make sure this command returns at least one valid object.
WARNING: [Vivado 12-584] No ports matched 'data_out[9]'. [C:/VivadoProjects/project_blok7/project/project.srcs/constrs_1/new/constraint.xdc:32]
CRITICAL WARNING: [Common 17-55] 'set_property' expects at least one object. [C:/VivadoProjects/project_blok7/project/project.srcs/constrs_1/new/constraint.xdc:32]
Resolution: If [get_<value>] was used to populate the object, check to make sure this command returns at least one valid object.
WARNING: [Vivado 12-584] No ports matched 'data_out[10]'. [C:/VivadoProjects/project_blok7/project/project.srcs/constrs_1/new/constraint.xdc:33]
CRITICAL WARNING: [Common 17-55] 'set_property' expects at least one object. [C:/VivadoProjects/project_blok7/project/project.srcs/constrs_1/new/constraint.xdc:33]
Resolution: If [get_<value>] was used to populate the object, check to make sure this command returns at least one valid object.
WARNING: [Vivado 12-584] No ports matched 'data_out[11]'. [C:/VivadoProjects/project_blok7/project/project.srcs/constrs_1/new/constraint.xdc:34]
CRITICAL WARNING: [Common 17-55] 'set_property' expects at least one object. [C:/VivadoProjects/project_blok7/project/project.srcs/constrs_1/new/constraint.xdc:34]
Resolution: If [get_<value>] was used to populate the object, check to make sure this command returns at least one valid object.
WARNING: [Vivado 12-584] No ports matched 'data_out[12]'. [C:/VivadoProjects/project_blok7/project/project.srcs/constrs_1/new/constraint.xdc:35]
CRITICAL WARNING: [Common 17-55] 'set_property' expects at least one object. [C:/VivadoProjects/project_blok7/project/project.srcs/constrs_1/new/constraint.xdc:35]
Resolution: If [get_<value>] was used to populate the object, check to make sure this command returns at least one valid object.
WARNING: [Vivado 12-584] No ports matched 'data_out[13]'. [C:/VivadoProjects/project_blok7/project/project.srcs/constrs_1/new/constraint.xdc:36]
CRITICAL WARNING: [Common 17-55] 'set_property' expects at least one object. [C:/VivadoProjects/project_blok7/project/project.srcs/constrs_1/new/constraint.xdc:36]
Resolution: If [get_<value>] was used to populate the object, check to make sure this command returns at least one valid object.
WARNING: [Vivado 12-584] No ports matched 'data_out[14]'. [C:/VivadoProjects/project_blok7/project/project.srcs/constrs_1/new/constraint.xdc:37]
CRITICAL WARNING: [Common 17-55] 'set_property' expects at least one object. [C:/VivadoProjects/project_blok7/project/project.srcs/constrs_1/new/constraint.xdc:37]
Resolution: If [get_<value>] was used to populate the object, check to make sure this command returns at least one valid object.
WARNING: [Vivado 12-584] No ports matched 'data_out[15]'. [C:/VivadoProjects/project_blok7/project/project.srcs/constrs_1/new/constraint.xdc:38]
CRITICAL WARNING: [Common 17-55] 'set_property' expects at least one object. [C:/VivadoProjects/project_blok7/project/project.srcs/constrs_1/new/constraint.xdc:38]
Resolution: If [get_<value>] was used to populate the object, check to make sure this command returns at least one valid object.
Finished Parsing XDC File [C:/VivadoProjects/project_blok7/project/project.srcs/constrs_1/new/constraint.xdc]
Completed Processing XDC Constraints

INFO: [Opt 31-138] Pushed 0 inverter(s) to 0 load pin(s).
refresh_design: Time (s): cpu = 00:00:16 ; elapsed = 00:00:12 . Memory (MB): peak = 1370.293 ; gain = 47.363
startgroup
set_property package_pin "" [get_ports [list  clk]]
place_ports {data_in[0]} A14
endgroup
set_property package_pin "" [get_ports [list  {data_in[1]}]]
startgroup
set_property package_pin "" [get_ports [list  sys_clk]]
place_ports clk W5
endgroup
set_property package_pin "" [get_ports [list  clk]]
set_property package_pin "" [get_ports [list  {data_in[1]}]]
place_ports sys_clk W5
set_property IOSTANDARD LVCMOS33 [get_ports [list {data_in[0]}]]
set_property IOSTANDARD LVCMOS33 [get_ports [list {data_in[1]}]]
set_property IOSTANDARD LVCMOS33 [get_ports [list {data_in[2]}]]
set_property IOSTANDARD LVCMOS33 [get_ports [list {data_in[3]}]]
set_property IOSTANDARD LVCMOS33 [get_ports [list {data_in[4]}]]
set_property IOSTANDARD LVCMOS33 [get_ports [list {data_in[5]}]]
set_property IOSTANDARD LVCMOS33 [get_ports [list {data_in[6]}]]
set_property IOSTANDARD LVCMOS33 [get_ports [list {data_in[7]}]]
place_ports {data_in[1]} A15
place_ports {data_in[2]} A16
place_ports {data_in[3]} A17
place_ports {data_in[4]} B15
place_ports {data_in[5]} C15
place_ports {data_in[6]} B16
place_ports {data_in[7]} C16
save_constraints
refresh_design
---------------------------------------------------------------------------------
Starting RTL Elaboration : Time (s): cpu = 00:00:04 ; elapsed = 00:00:05 . Memory (MB): peak = 1370.293 ; gain = 0.000
---------------------------------------------------------------------------------
INFO: [Synth 8-638] synthesizing module 'TOP' [C:/VivadoProjects/project_blok7/project/project.srcs/sources_1/new/TOP.vhd:22]
INFO: [Synth 8-256] done synthesizing module 'TOP' (1#1) [C:/VivadoProjects/project_blok7/project/project.srcs/sources_1/new/TOP.vhd:22]
WARNING: [Synth 8-3330] design TOP has an empty top module
WARNING: [Synth 8-3331] design TOP has unconnected port sys_clk
---------------------------------------------------------------------------------
Finished RTL Elaboration : Time (s): cpu = 00:00:05 ; elapsed = 00:00:06 . Memory (MB): peak = 1392.289 ; gain = 21.996
---------------------------------------------------------------------------------

Report Check Netlist: 
+------+------------------+-------+---------+-------+------------------+
|      |Item              |Errors |Warnings |Status |Description       |
+------+------------------+-------+---------+-------+------------------+
|1     |multi_driven_nets |      0|        0|Passed |Multi driven nets |
+------+------------------+-------+---------+-------+------------------+
---------------------------------------------------------------------------------
Finished RTL Optimization Phase 1 : Time (s): cpu = 00:00:05 ; elapsed = 00:00:06 . Memory (MB): peak = 1392.289 ; gain = 21.996
---------------------------------------------------------------------------------
INFO: [Project 1-570] Preparing netlist for logic optimization
INFO: [Opt 31-140] Inserted 8 IBUFs to IO ports without IO buffers.
INFO: [Opt 31-141] Inserted 8 OBUFs to IO ports without IO buffers.

Processing XDC Constraints
Initializing timing engine
Parsing XDC File [C:/VivadoProjects/project_blok7/project/project.srcs/constrs_1/new/constraint.xdc]
WARNING: [Vivado 12-584] No ports matched 'clk'. [C:/VivadoProjects/project_blok7/project/project.srcs/constrs_1/new/constraint.xdc:1]
CRITICAL WARNING: [Common 17-55] 'set_property' expects at least one object. [C:/VivadoProjects/project_blok7/project/project.srcs/constrs_1/new/constraint.xdc:1]
Resolution: If [get_<value>] was used to populate the object, check to make sure this command returns at least one valid object.
WARNING: [Vivado 12-584] No ports matched 'data_out[8]'. [C:/VivadoProjects/project_blok7/project/project.srcs/constrs_1/new/constraint.xdc:10]
CRITICAL WARNING: [Common 17-55] 'set_property' expects at least one object. [C:/VivadoProjects/project_blok7/project/project.srcs/constrs_1/new/constraint.xdc:10]
Resolution: If [get_<value>] was used to populate the object, check to make sure this command returns at least one valid object.
WARNING: [Vivado 12-584] No ports matched 'data_out[9]'. [C:/VivadoProjects/project_blok7/project/project.srcs/constrs_1/new/constraint.xdc:11]
CRITICAL WARNING: [Common 17-55] 'set_property' expects at least one object. [C:/VivadoProjects/project_blok7/project/project.srcs/constrs_1/new/constraint.xdc:11]
Resolution: If [get_<value>] was used to populate the object, check to make sure this command returns at least one valid object.
WARNING: [Vivado 12-584] No ports matched 'data_out[10]'. [C:/VivadoProjects/project_blok7/project/project.srcs/constrs_1/new/constraint.xdc:12]
CRITICAL WARNING: [Common 17-55] 'set_property' expects at least one object. [C:/VivadoProjects/project_blok7/project/project.srcs/constrs_1/new/constraint.xdc:12]
Resolution: If [get_<value>] was used to populate the object, check to make sure this command returns at least one valid object.
WARNING: [Vivado 12-584] No ports matched 'data_out[11]'. [C:/VivadoProjects/project_blok7/project/project.srcs/constrs_1/new/constraint.xdc:13]
CRITICAL WARNING: [Common 17-55] 'set_property' expects at least one object. [C:/VivadoProjects/project_blok7/project/project.srcs/constrs_1/new/constraint.xdc:13]
Resolution: If [get_<value>] was used to populate the object, check to make sure this command returns at least one valid object.
WARNING: [Vivado 12-584] No ports matched 'data_out[12]'. [C:/VivadoProjects/project_blok7/project/project.srcs/constrs_1/new/constraint.xdc:14]
CRITICAL WARNING: [Common 17-55] 'set_property' expects at least one object. [C:/VivadoProjects/project_blok7/project/project.srcs/constrs_1/new/constraint.xdc:14]
Resolution: If [get_<value>] was used to populate the object, check to make sure this command returns at least one valid object.
WARNING: [Vivado 12-584] No ports matched 'data_out[13]'. [C:/VivadoProjects/project_blok7/project/project.srcs/constrs_1/new/constraint.xdc:15]
CRITICAL WARNING: [Common 17-55] 'set_property' expects at least one object. [C:/VivadoProjects/project_blok7/project/project.srcs/constrs_1/new/constraint.xdc:15]
Resolution: If [get_<value>] was used to populate the object, check to make sure this command returns at least one valid object.
WARNING: [Vivado 12-584] No ports matched 'data_out[14]'. [C:/VivadoProjects/project_blok7/project/project.srcs/constrs_1/new/constraint.xdc:16]
CRITICAL WARNING: [Common 17-55] 'set_property' expects at least one object. [C:/VivadoProjects/project_blok7/project/project.srcs/constrs_1/new/constraint.xdc:16]
Resolution: If [get_<value>] was used to populate the object, check to make sure this command returns at least one valid object.
WARNING: [Vivado 12-584] No ports matched 'data_out[15]'. [C:/VivadoProjects/project_blok7/project/project.srcs/constrs_1/new/constraint.xdc:17]
CRITICAL WARNING: [Common 17-55] 'set_property' expects at least one object. [C:/VivadoProjects/project_blok7/project/project.srcs/constrs_1/new/constraint.xdc:17]
Resolution: If [get_<value>] was used to populate the object, check to make sure this command returns at least one valid object.
WARNING: [Vivado 12-584] No ports matched 'MOSI'. [C:/VivadoProjects/project_blok7/project/project.srcs/constrs_1/new/constraint.xdc:18]
CRITICAL WARNING: [Common 17-55] 'set_property' expects at least one object. [C:/VivadoProjects/project_blok7/project/project.srcs/constrs_1/new/constraint.xdc:18]
Resolution: If [get_<value>] was used to populate the object, check to make sure this command returns at least one valid object.
WARNING: [Vivado 12-584] No ports matched 'MOSI'. [C:/VivadoProjects/project_blok7/project/project.srcs/constrs_1/new/constraint.xdc:20]
CRITICAL WARNING: [Common 17-55] 'set_property' expects at least one object. [C:/VivadoProjects/project_blok7/project/project.srcs/constrs_1/new/constraint.xdc:20]
Resolution: If [get_<value>] was used to populate the object, check to make sure this command returns at least one valid object.
WARNING: [Vivado 12-584] No ports matched 'data_out[8]'. [C:/VivadoProjects/project_blok7/project/project.srcs/constrs_1/new/constraint.xdc:29]
CRITICAL WARNING: [Common 17-55] 'set_property' expects at least one object. [C:/VivadoProjects/project_blok7/project/project.srcs/constrs_1/new/constraint.xdc:29]
Resolution: If [get_<value>] was used to populate the object, check to make sure this command returns at least one valid object.
WARNING: [Vivado 12-584] No ports matched 'data_out[9]'. [C:/VivadoProjects/project_blok7/project/project.srcs/constrs_1/new/constraint.xdc:30]
CRITICAL WARNING: [Common 17-55] 'set_property' expects at least one object. [C:/VivadoProjects/project_blok7/project/project.srcs/constrs_1/new/constraint.xdc:30]
Resolution: If [get_<value>] was used to populate the object, check to make sure this command returns at least one valid object.
WARNING: [Vivado 12-584] No ports matched 'data_out[10]'. [C:/VivadoProjects/project_blok7/project/project.srcs/constrs_1/new/constraint.xdc:31]
CRITICAL WARNING: [Common 17-55] 'set_property' expects at least one object. [C:/VivadoProjects/project_blok7/project/project.srcs/constrs_1/new/constraint.xdc:31]
Resolution: If [get_<value>] was used to populate the object, check to make sure this command returns at least one valid object.
WARNING: [Vivado 12-584] No ports matched 'data_out[11]'. [C:/VivadoProjects/project_blok7/project/project.srcs/constrs_1/new/constraint.xdc:32]
CRITICAL WARNING: [Common 17-55] 'set_property' expects at least one object. [C:/VivadoProjects/project_blok7/project/project.srcs/constrs_1/new/constraint.xdc:32]
Resolution: If [get_<value>] was used to populate the object, check to make sure this command returns at least one valid object.
WARNING: [Vivado 12-584] No ports matched 'data_out[12]'. [C:/VivadoProjects/project_blok7/project/project.srcs/constrs_1/new/constraint.xdc:33]
CRITICAL WARNING: [Common 17-55] 'set_property' expects at least one object. [C:/VivadoProjects/project_blok7/project/project.srcs/constrs_1/new/constraint.xdc:33]
Resolution: If [get_<value>] was used to populate the object, check to make sure this command returns at least one valid object.
WARNING: [Vivado 12-584] No ports matched 'data_out[13]'. [C:/VivadoProjects/project_blok7/project/project.srcs/constrs_1/new/constraint.xdc:34]
CRITICAL WARNING: [Common 17-55] 'set_property' expects at least one object. [C:/VivadoProjects/project_blok7/project/project.srcs/constrs_1/new/constraint.xdc:34]
Resolution: If [get_<value>] was used to populate the object, check to make sure this command returns at least one valid object.
WARNING: [Vivado 12-584] No ports matched 'data_out[14]'. [C:/VivadoProjects/project_blok7/project/project.srcs/constrs_1/new/constraint.xdc:35]
CRITICAL WARNING: [Common 17-55] 'set_property' expects at least one object. [C:/VivadoProjects/project_blok7/project/project.srcs/constrs_1/new/constraint.xdc:35]
Resolution: If [get_<value>] was used to populate the object, check to make sure this command returns at least one valid object.
WARNING: [Vivado 12-584] No ports matched 'data_out[15]'. [C:/VivadoProjects/project_blok7/project/project.srcs/constrs_1/new/constraint.xdc:36]
CRITICAL WARNING: [Common 17-55] 'set_property' expects at least one object. [C:/VivadoProjects/project_blok7/project/project.srcs/constrs_1/new/constraint.xdc:36]
Resolution: If [get_<value>] was used to populate the object, check to make sure this command returns at least one valid object.
Finished Parsing XDC File [C:/VivadoProjects/project_blok7/project/project.srcs/constrs_1/new/constraint.xdc]
Completed Processing XDC Constraints

INFO: [Opt 31-138] Pushed 0 inverter(s) to 0 load pin(s).
refresh_design: Time (s): cpu = 00:00:14 ; elapsed = 00:00:10 . Memory (MB): peak = 1392.289 ; gain = 21.996
refresh_design
INFO: [Project 1-570] Preparing netlist for logic optimization

Processing XDC Constraints
Initializing timing engine
Parsing XDC File [C:/VivadoProjects/project_blok7/project/project.srcs/constrs_1/new/constraint.xdc]
WARNING: [Vivado 12-584] No ports matched 'clk'. [C:/VivadoProjects/project_blok7/project/project.srcs/constrs_1/new/constraint.xdc:1]
CRITICAL WARNING: [Common 17-55] 'set_property' expects at least one object. [C:/VivadoProjects/project_blok7/project/project.srcs/constrs_1/new/constraint.xdc:1]
Resolution: If [get_<value>] was used to populate the object, check to make sure this command returns at least one valid object.
WARNING: [Vivado 12-584] No ports matched 'MOSI'. [C:/VivadoProjects/project_blok7/project/project.srcs/constrs_1/new/constraint.xdc:11]
CRITICAL WARNING: [Common 17-55] 'set_property' expects at least one object. [C:/VivadoProjects/project_blok7/project/project.srcs/constrs_1/new/constraint.xdc:11]
Resolution: If [get_<value>] was used to populate the object, check to make sure this command returns at least one valid object.
Finished Parsing XDC File [C:/VivadoProjects/project_blok7/project/project.srcs/constrs_1/new/constraint.xdc]
Completed Processing XDC Constraints

INFO: [Opt 31-138] Pushed 0 inverter(s) to 0 load pin(s).
refresh_design
INFO: [Project 1-570] Preparing netlist for logic optimization

Processing XDC Constraints
Initializing timing engine
Parsing XDC File [C:/VivadoProjects/project_blok7/project/project.srcs/constrs_1/new/constraint.xdc]
WARNING: [Vivado 12-584] No ports matched 'MOSI'. [C:/VivadoProjects/project_blok7/project/project.srcs/constrs_1/new/constraint.xdc:10]
CRITICAL WARNING: [Common 17-55] 'set_property' expects at least one object. [C:/VivadoProjects/project_blok7/project/project.srcs/constrs_1/new/constraint.xdc:10]
Resolution: If [get_<value>] was used to populate the object, check to make sure this command returns at least one valid object.
Finished Parsing XDC File [C:/VivadoProjects/project_blok7/project/project.srcs/constrs_1/new/constraint.xdc]
Completed Processing XDC Constraints

INFO: [Opt 31-138] Pushed 0 inverter(s) to 0 load pin(s).
refresh_design
INFO: [Project 1-570] Preparing netlist for logic optimization

Processing XDC Constraints
Initializing timing engine
Parsing XDC File [C:/VivadoProjects/project_blok7/project/project.srcs/constrs_1/new/constraint.xdc]
Finished Parsing XDC File [C:/VivadoProjects/project_blok7/project/project.srcs/constrs_1/new/constraint.xdc]
Completed Processing XDC Constraints

INFO: [Opt 31-138] Pushed 0 inverter(s) to 0 load pin(s).
reset_run synth_1
launch_runs impl_1 -to_step write_bitstream -jobs 4
[Mon Mar 11 14:08:48 2019] Launched synth_1...
Run output will be captured here: C:/VivadoProjects/project_blok7/project/project.runs/synth_1/runme.log
[Mon Mar 11 14:08:48 2019] Launched impl_1...
Run output will be captured here: C:/VivadoProjects/project_blok7/project/project.runs/impl_1/runme.log
open_hw
connect_hw_server
INFO: [Labtools 27-2285] Connecting to hw_server url TCP:localhost:3121
INFO: [Labtools 27-2222] Launching hw_server...
INFO: [Labtools 27-2221] Launch Output:

****** Xilinx hw_server v2017.4
  **** Build date : Dec 15 2017-21:08:27
    ** Copyright 1986-2017 Xilinx, Inc. All Rights Reserved.


open_hw_target
INFO: [Labtoolstcl 44-466] Opening hw_target localhost:3121/xilinx_tcf/Digilent/210183A37936A
set_property PROGRAM.FILE {C:/VivadoProjects/project_blok7/project/project.runs/impl_1/TOP.bit} [get_hw_devices xc7a35t_0]
current_hw_device [get_hw_devices xc7a35t_0]
refresh_hw_device -update_hw_probes false [lindex [get_hw_devices xc7a35t_0] 0]
INFO: [Labtools 27-1435] Device xc7a35t (JTAG device index = 0) is not programmed (DONE status = 0).
set_property PROBES.FILE {} [get_hw_devices xc7a35t_0]
set_property FULL_PROBES.FILE {} [get_hw_devices xc7a35t_0]
set_property PROGRAM.FILE {C:/VivadoProjects/project_blok7/project/project.runs/impl_1/TOP.bit} [get_hw_devices xc7a35t_0]
program_hw_devices [get_hw_devices xc7a35t_0]
INFO: [Labtools 27-3164] End of startup status: HIGH
refresh_hw_device [lindex [get_hw_devices xc7a35t_0] 0]
INFO: [Labtools 27-1434] Device xc7a35t (JTAG device index = 0) is programmed with a design that has no supported debug core(s) in it.
WARNING: [Labtools 27-3361] The debug hub core was not detected.
Resolution: 
1. Make sure the clock connected to the debug hub (dbg_hub) core is a free running clock and is active.
2. Make sure the BSCAN_SWITCH_USER_MASK device property in Vivado Hardware Manager reflects the user scan chain setting in the design and refresh the device.  To determine the user scan chain setting in the design, open the implemented design and use 'get_property C_USER_SCAN_CHAIN [get_debug_cores dbg_hub]'.
For more details on setting the scan chain property, consult the Vivado Debug and Programming User Guide (UG908).
reset_run synth_1
launch_runs impl_1 -to_step write_bitstream -jobs 4
[Mon Mar 11 14:18:19 2019] Launched synth_1...
Run output will be captured here: C:/VivadoProjects/project_blok7/project/project.runs/synth_1/runme.log
[Mon Mar 11 14:18:19 2019] Launched impl_1...
Run output will be captured here: C:/VivadoProjects/project_blok7/project/project.runs/impl_1/runme.log
launch_runs: Time (s): cpu = 00:00:04 ; elapsed = 00:00:06 . Memory (MB): peak = 1963.250 ; gain = 0.000
refresh_design
---------------------------------------------------------------------------------
Starting RTL Elaboration : Time (s): cpu = 00:00:09 ; elapsed = 00:00:07 . Memory (MB): peak = 1996.754 ; gain = 33.504
---------------------------------------------------------------------------------
INFO: [Synth 8-638] synthesizing module 'TOP' [C:/VivadoProjects/project_blok7/project/project.srcs/sources_1/new/TOP.vhd:21]
WARNING: [Synth 8-614] signal 'clk' is read in the process but is not in the sensitivity list [C:/VivadoProjects/project_blok7/project/project.srcs/sources_1/new/TOP.vhd:26]
WARNING: [Synth 8-614] signal 'flag' is read in the process but is not in the sensitivity list [C:/VivadoProjects/project_blok7/project/project.srcs/sources_1/new/TOP.vhd:26]
WARNING: [Synth 8-614] signal 'data_in' is read in the process but is not in the sensitivity list [C:/VivadoProjects/project_blok7/project/project.srcs/sources_1/new/TOP.vhd:26]
INFO: [Synth 8-256] done synthesizing module 'TOP' (1#1) [C:/VivadoProjects/project_blok7/project/project.srcs/sources_1/new/TOP.vhd:21]
WARNING: [Synth 8-3331] design TOP has unconnected port sys_clk
---------------------------------------------------------------------------------
Finished RTL Elaboration : Time (s): cpu = 00:00:10 ; elapsed = 00:00:08 . Memory (MB): peak = 2030.996 ; gain = 67.746
---------------------------------------------------------------------------------

Report Check Netlist: 
+------+------------------+-------+---------+-------+------------------+
|      |Item              |Errors |Warnings |Status |Description       |
+------+------------------+-------+---------+-------+------------------+
|1     |multi_driven_nets |      0|        0|Passed |Multi driven nets |
+------+------------------+-------+---------+-------+------------------+
---------------------------------------------------------------------------------
Finished RTL Optimization Phase 1 : Time (s): cpu = 00:00:10 ; elapsed = 00:00:08 . Memory (MB): peak = 2030.996 ; gain = 67.746
---------------------------------------------------------------------------------
INFO: [Project 1-570] Preparing netlist for logic optimization

Processing XDC Constraints
Initializing timing engine
Parsing XDC File [C:/VivadoProjects/project_blok7/project/project.srcs/constrs_1/new/constraint.xdc]
Finished Parsing XDC File [C:/VivadoProjects/project_blok7/project/project.srcs/constrs_1/new/constraint.xdc]
Completed Processing XDC Constraints

INFO: [Opt 31-138] Pushed 0 inverter(s) to 0 load pin(s).
refresh_design: Time (s): cpu = 00:00:18 ; elapsed = 00:00:14 . Memory (MB): peak = 2043.273 ; gain = 80.023
set_property IOSTANDARD LVCMOS33 [get_ports [list clk]]
place_ports clk K17
save_constraints
reset_run impl_1
launch_runs impl_1 -to_step write_bitstream -jobs 4
[Mon Mar 11 14:22:40 2019] Launched impl_1...
Run output will be captured here: C:/VivadoProjects/project_blok7/project/project.runs/impl_1/runme.log
set_property PROBES.FILE {} [get_hw_devices xc7a35t_0]
set_property FULL_PROBES.FILE {} [get_hw_devices xc7a35t_0]
set_property PROGRAM.FILE {C:/VivadoProjects/project_blok7/project/project.runs/impl_1/TOP.bit} [get_hw_devices xc7a35t_0]
program_hw_devices [get_hw_devices xc7a35t_0]
INFO: [Labtools 27-3164] End of startup status: HIGH
refresh_hw_device [lindex [get_hw_devices xc7a35t_0] 0]
INFO: [Labtools 27-1434] Device xc7a35t (JTAG device index = 0) is programmed with a design that has no supported debug core(s) in it.
WARNING: [Labtools 27-3361] The debug hub core was not detected.
Resolution: 
1. Make sure the clock connected to the debug hub (dbg_hub) core is a free running clock and is active.
2. Make sure the BSCAN_SWITCH_USER_MASK device property in Vivado Hardware Manager reflects the user scan chain setting in the design and refresh the device.  To determine the user scan chain setting in the design, open the implemented design and use 'get_property C_USER_SCAN_CHAIN [get_debug_cores dbg_hub]'.
For more details on setting the scan chain property, consult the Vivado Debug and Programming User Guide (UG908).
ERROR: [Labtoolstcl 44-513] HW Target shutdown. Closing target: localhost:3121/xilinx_tcf/Digilent/210183A37936A
INFO: [Labtoolstcl 44-466] Opening hw_target localhost:3121/xilinx_tcf/Digilent/210183A37936A
INFO: [Labtools 27-1435] Device xc7a35t (JTAG device index = 0) is not programmed (DONE status = 0).
WARNING: [Labtoolstcl 44-129] No matching hw_ila_data was found.
ERROR: [Labtoolstcl 44-513] HW Target shutdown. Closing target: localhost:3121/xilinx_tcf/Digilent/210183A37936A
INFO: [Labtoolstcl 44-466] Opening hw_target localhost:3121/xilinx_tcf/Digilent/210183A37936A
INFO: [Labtools 27-1435] Device xc7a35t (JTAG device index = 0) is not programmed (DONE status = 0).
WARNING: [Labtoolstcl 44-129] No matching hw_ila_data was found.
set_property PROBES.FILE {} [get_hw_devices xc7a35t_0]
set_property FULL_PROBES.FILE {} [get_hw_devices xc7a35t_0]
set_property PROGRAM.FILE {C:/VivadoProjects/project_blok7/project/project.runs/impl_1/TOP.bit} [get_hw_devices xc7a35t_0]
program_hw_devices [get_hw_devices xc7a35t_0]
INFO: [Labtools 27-3164] End of startup status: HIGH
refresh_hw_device [lindex [get_hw_devices xc7a35t_0] 0]
INFO: [Labtools 27-1434] Device xc7a35t (JTAG device index = 0) is programmed with a design that has no supported debug core(s) in it.
WARNING: [Labtools 27-3361] The debug hub core was not detected.
Resolution: 
1. Make sure the clock connected to the debug hub (dbg_hub) core is a free running clock and is active.
2. Make sure the BSCAN_SWITCH_USER_MASK device property in Vivado Hardware Manager reflects the user scan chain setting in the design and refresh the device.  To determine the user scan chain setting in the design, open the implemented design and use 'get_property C_USER_SCAN_CHAIN [get_debug_cores dbg_hub]'.
For more details on setting the scan chain property, consult the Vivado Debug and Programming User Guide (UG908).
export_ip_user_files -of_objects  [get_files C:/VivadoProjects/project_blok7/project/project.srcs/sources_1/new/SPI.vhd] -no_script -reset -force -quiet
remove_files  C:/VivadoProjects/project_blok7/project/project.srcs/sources_1/new/SPI.vhd
update_compile_order -fileset sources_1
update_compile_order -fileset sources_1
reset_run synth_1
launch_runs synth_1 -jobs 4
[Tue Mar 12 14:01:45 2019] Launched synth_1...
Run output will be captured here: C:/VivadoProjects/project_blok7/project/project.runs/synth_1/runme.log
launch_runs impl_1 -to_step write_bitstream -jobs 4
[Tue Mar 12 14:05:33 2019] Launched impl_1...
Run output will be captured here: C:/VivadoProjects/project_blok7/project/project.runs/impl_1/runme.log
ERROR: [Labtoolstcl 44-513] HW Target shutdown. Closing target: localhost:3121/xilinx_tcf/Digilent/210183A37936A
exit
INFO: [Common 17-206] Exiting Vivado at Wed Mar 13 08:57:16 2019...
